sample/app/manifest-merger-release-report.txt
-- Merging decision tree log ---
manifest
ADDED from AndroidManifest.xml:2:1
	xmlns:android
		ADDED from AndroidManifest.xml:2:11
	package
		ADDED from AndroidManifest.xml:4:5
		INJECTED from AndroidManifest.xml:0:0
		INJECTED from AndroidManifest.xml:0:0
	android:versionName
		INJECTED from AndroidManifest.xml:0:0
		INJECTED from AndroidManifest.xml:0:0
	android:versionCode
		INJECTED from AndroidManifest.xml:0:0
		INJECTED from AndroidManifest.xml:0:0
	xmlns:tool
		ADDED from AndroidManifest.xml:3:5
uses-permission#android.permission.INTERNET
ADDED from AndroidManifest.xml:6:5
	android:name
		ADDED from AndroidManifest.xml:6:22
application
ADDED from AndroidManifest.xml:7:5
MERGED from com.android.support:appcompat-v7:21.0.3:16:5
MERGED from com.android.support:support-v4:21.0.3:16:5
MERGED from sample:volley_cz:unspecified:9:5
MERGED from sample:ChoppingBootstrap:unspecified:11:5
MERGED from com.android.support:appcompat-v7:21.0.3:16:5
MERGED from com.android.support:support-v4:21.0.3:16:5
MERGED from sample:volley_cz:unspecified:9:5
MERGED from com.android.support:appcompat-v7:21.0.3:16:5
MERGED from com.android.support:support-v4:21.0.3:16:5
MERGED from com.google.android.gms:play-services:6.5.87:20:5
MERGED from com.android.support:support-v4:21.0.3:16:5
	android:label
		ADDED from AndroidManifest.xml:11:9
		REJECTED from sample:ChoppingBootstrap:unspecified:13:9
	android:allowBackup
		ADDED from AndroidManifest.xml:8:9
	android:icon
		ADDED from AndroidManifest.xml:10:9
	android:theme
		ADDED from AndroidManifest.xml:12:9
	tool:replace
		ADDED from AndroidManifest.xml:13:9
	android:name
		ADDED from AndroidManifest.xml:9:9
activity#com.tinyurl4j.sample.MainActivity
ADDED from AndroidManifest.xml:14:9
	android:label
		ADDED from AndroidManifest.xml:16:13
	android:name
		ADDED from AndroidManifest.xml:15:13
intent-filter#android.intent.action.MAIN+android.intent.category.LAUNCHER
ADDED from AndroidManifest.xml:17:13
action#android.intent.action.MAIN
ADDED from AndroidManifest.xml:18:17
	android:name
		ADDED from AndroidManifest.xml:18:25
category#android.intent.category.LAUNCHER
ADDED from AndroidManifest.xml:20:17
	android:name
		ADDED from AndroidManifest.xml:20:27
activity#com.google.android.gms.ads.AdActivity
ADDED from AndroidManifest.xml:25:9
	android:configChanges
		ADDED from AndroidManifest.xml:27:13
	android:theme
		ADDED from AndroidManifest.xml:28:13
	android:name
		ADDED from AndroidManifest.xml:26:13
uses-sdk
INJECTED from AndroidManifest.xml:0:0 reason: use-sdk injection requested
MERGED from sample:library:unspecified:7:5
MERGED from com.android.support:appcompat-v7:21.0.3:15:5
MERGED from com.android.support:support-v4:21.0.3:15:5
MERGED from sample:volley_cz:unspecified:7:5
MERGED from sample:ChoppingBootstrap:unspecified:7:5
MERGED from com.android.support:appcompat-v7:21.0.3:15:5
MERGED from com.android.support:support-v4:21.0.3:15:5
MERGED from sample:volley_cz:unspecified:7:5
MERGED from com.android.support:appcompat-v7:21.0.3:15:5
MERGED from com.android.support:support-v4:21.0.3:15:5
MERGED from com.google.android.gms:play-services:6.5.87:18:5
MERGED from com.android.support:support-v4:21.0.3:15:5
	android:targetSdkVersion
		INJECTED from AndroidManifest.xml:0:0
		INJECTED from AndroidManifest.xml:0:0
	android:minSdkVersion
		INJECTED from AndroidManifest.xml:0:0
		INJECTED from AndroidManifest.xml:0:0
activity#com.chopping.activities.ErrorHandlerActivity
ADDED from sample:ChoppingBootstrap:unspecified:14:9
	android:label
		ADDED from sample:ChoppingBootstrap:unspecified:16:13
	android:theme
		ADDED from sample:ChoppingBootstrap:unspecified:17:13
	android:name
		ADDED from sample:ChoppingBootstrap:unspecified:15:13
activity#com.chopping.activities.BrightnessRefreshActivity
ADDED from sample:ChoppingBootstrap:unspecified:18:9
	android:noHistory
		ADDED from sample:ChoppingBootstrap:unspecified:22:13
	android:label
		ADDED from sample:ChoppingBootstrap:unspecified:21:13
	android:theme
		ADDED from sample:ChoppingBootstrap:unspecified:24:13
	android:excludeFromRecents
		ADDED from sample:ChoppingBootstrap:unspecified:20:13
	android:taskAffinity
		ADDED from sample:ChoppingBootstrap:unspecified:23:13
	android:name
		ADDED from sample:ChoppingBootstrap:unspecified:19:13
intent-filter#android.intent.category.DEFAULT+com.chopping.brightness.action.REFRESH
ADDED from sample:ChoppingBootstrap:unspecified:25:13
category#android.intent.category.DEFAULT
ADDED from sample:ChoppingBootstrap:unspecified:26:17
	android:name
		ADDED from sample:ChoppingBootstrap:unspecified:26:27
action#com.chopping.brightness.action.REFRESH
ADDED from sample:ChoppingBootstrap:unspecified:28:17
	android:name
		ADDED from sample:ChoppingBootstrap:unspecified:28:25
meta-data#com.google.android.gms.version
ADDED from com.google.android.gms:play-services:6.5.87:21:9
	android:name
		ADDED from com.google.android.gms:play-services:6.5.87:22:13
	android:value
		ADDED from com.google.android.gms:play-services:6.5.87:23:13